<?xml version="1.0" encoding="UTF-8"?>
<!-- Generated by org.testng.reporters.JUnitReportReporter -->
<testsuite hostname="JKSKavi" failures="0" tests="1" name="org.filpkart.Filpkart" time="16.158" errors="0" timestamp="21 Oct 2021 16:54:11 GMT">
  <testcase classname="org.filpkart.Filpkart" name="test1" time="16.158"/>
</testsuite> <!-- org.filpkart.Filpkart -->
